<?xml version="1.0" encoding="UTF-8"?>
<!-- Generated by org.testng.reporters.JUnitReportReporter -->
<testsuite hostname="DESKTOP-DNP7UUA" failures="0" tests="1" name="com.Testpages.LoginpageTest" time="8.846" errors="0" timestamp="2022-11-24T17:27:39 IST" skipped="0">
  <testcase classname="com.Testpages.LoginpageTest" name="verifyinvaliderrormessage" time="8.846"/>
  <system-out/>
</testsuite> <!-- com.Testpages.LoginpageTest -->
