<?xml version="1.0" encoding="UTF-8"?>
<!-- Generated by org.testng.reporters.JUnitReportReporter -->
<testsuite hostname="DESKTOP-DNP7UUA" failures="0" tests="1" name="com.Testpages.SourceTest" time="15.321" errors="0" timestamp="2022-11-29T17:49:14 IST" skipped="0">
  <testcase classname="com.Testpages.SourceTest" name="verifyformdetails" time="15.321"/>
  <system-out/>
</testsuite> <!-- com.Testpages.SourceTest -->
