<?xml version="1.0" encoding="UTF-8"?>
<!-- Generated by org.testng.reporters.JUnitReportReporter -->
<testsuite hostname="DESKTOP-DNP7UUA" failures="0" tests="1" name="com.Testpages.ChargescategoryTest" time="21.531" errors="0" timestamp="2022-11-28T12:12:42 IST" skipped="0">
  <testcase classname="com.Testpages.ChargescategoryTest" name="verifyformdetails" time="21.531"/>
  <system-out/>
</testsuite> <!-- com.Testpages.ChargescategoryTest -->
