<?xml version="1.0" encoding="UTF-8"?>
<!-- Generated by org.testng.reporters.JUnitReportReporter -->
<testsuite hostname="DESKTOP-DNP7UUA" failures="0" tests="1" name="com.Testpages.BedpageTest" time="17.686" errors="0" timestamp="2022-11-29T12:54:37 IST" skipped="0">
  <testcase classname="com.Testpages.BedpageTest" name="verifyFloorlink" time="17.686"/>
  <system-out/>
</testsuite> <!-- com.Testpages.BedpageTest -->
