<?xml version="1.0" encoding="UTF-8"?>
<!-- Generated by org.testng.reporters.JUnitReportReporter -->
<testsuite hostname="DESKTOP-DNP7UUA" failures="0" tests="1" name="com.Testpages.FloorTest" time="24.651" errors="0" timestamp="2022-11-29T13:06:52 IST" skipped="0">
  <testcase classname="com.Testpages.FloorTest" name="verifyformdetails" time="24.651"/>
  <system-out/>
</testsuite> <!-- com.Testpages.FloorTest -->
