<?xml version="1.0" encoding="UTF-8"?>
<!-- Generated by org.testng.reporters.JUnitReportReporter -->
<testsuite hostname="DESKTOP-DNP7UUA" failures="0" tests="1" name="com.Testpages.BedGroupTest" time="18.631" errors="0" timestamp="2022-11-29T12:41:02 IST" skipped="0">
  <testcase classname="com.Testpages.BedGroupTest" name="verifyformdetails" time="18.631"/>
  <system-out/>
</testsuite> <!-- com.Testpages.BedGroupTest -->
