<?xml version="1.0" encoding="UTF-8"?>
<!-- Generated by org.testng.reporters.JUnitReportReporter -->
<testsuite hostname="DESKTOP-DNP7UUA" failures="0" tests="1" name="com.Testpages.HomepageTest" time="18.527" errors="0" timestamp="2022-11-29T13:35:36 IST" skipped="0">
  <testcase classname="com.Testpages.HomepageTest" name="clickonFrontofficelink" time="18.527"/>
  <system-out/>
</testsuite> <!-- com.Testpages.HomepageTest -->
