<?xml version="1.0" encoding="UTF-8"?>
<!-- Generated by org.testng.reporters.JUnitReportReporter -->
<testsuite hostname="DESKTOP-DNP7UUA" failures="0" tests="1" name="com.Testpages.DoctorOpdcharge" time="19.912" errors="0" timestamp="2022-11-28T13:37:43 IST" skipped="0">
  <testcase classname="com.Testpages.DoctorOpdcharge" name="verifyformdetails" time="19.912"/>
  <system-out/>
</testsuite> <!-- com.Testpages.DoctorOpdcharge -->
