<?xml version="1.0" encoding="UTF-8"?>
<!-- Generated by org.testng.reporters.JUnitReportReporter -->
<testsuite hostname="DESKTOP-DNP7UUA" failures="0" tests="1" name="com.Testpages.HospitalchargesTest" time="20.744" errors="0" timestamp="2022-11-28T11:21:18 IST" skipped="0">
  <testcase classname="com.Testpages.HospitalchargesTest" name="verifychargecategorylink" time="20.744"/>
  <system-out/>
</testsuite> <!-- com.Testpages.HospitalchargesTest -->
