<?xml version="1.0" encoding="UTF-8"?>
<!-- Generated by org.testng.reporters.JUnitReportReporter -->
<testsuite hostname="DESKTOP-DNP7UUA" failures="0" tests="1" name="com.Testpages.BedTest" time="16.373" errors="0" timestamp="2022-11-29T11:12:39 IST" skipped="0">
  <testcase classname="com.Testpages.BedTest" name="verifyformdetails" time="16.373"/>
  <system-out/>
</testsuite> <!-- com.Testpages.BedTest -->
