<?xml version="1.0" encoding="UTF-8"?>
<!-- Generated by org.testng.reporters.JUnitReportReporter -->
<testsuite hostname="DESKTOP-DNP7UUA" failures="0" tests="1" name="com.Testpages.ChargeTypeTest" time="14.853" errors="0" timestamp="2022-11-28T15:57:13 IST" skipped="0">
  <testcase classname="com.Testpages.ChargeTypeTest" name="verifyformdetails" time="14.853"/>
  <system-out/>
</testsuite> <!-- com.Testpages.ChargeTypeTest -->
