<?xml version="1.0" encoding="UTF-8"?>
<!-- Generated by org.testng.reporters.JUnitReportReporter -->
<testsuite hostname="DESKTOP-DNP7UUA" failures="0" tests="1" name="com.Testpages.PatientpageTest" time="42.280" errors="0" timestamp="2022-11-29T12:23:29 IST" skipped="0">
  <testcase classname="com.Testpages.PatientpageTest" name="verifyFormDetails" time="42.280"/>
  <system-out/>
</testsuite> <!-- com.Testpages.PatientpageTest -->
