<?xml version="1.0" encoding="UTF-8"?>
<!-- Generated by org.testng.reporters.JUnitReportReporter -->
<testsuite hostname="DESKTOP-DNP7UUA" failures="0" tests="1" name="com.Testpages.ComplainTypeTest" time="14.091" errors="0" timestamp="2022-11-29T17:00:19 IST" skipped="0">
  <testcase classname="com.Testpages.ComplainTypeTest" name="verifyformdetails" time="14.091"/>
  <system-out/>
</testsuite> <!-- com.Testpages.ComplainTypeTest -->
