<?xml version="1.0" encoding="UTF-8"?>
<!-- Generated by org.testng.reporters.JUnitReportReporter -->
<testsuite hostname="DESKTOP-DNP7UUA" failures="0" tests="1" name="com.Testpages.BedTypeTest" time="14.466" errors="0" timestamp="2022-11-29T11:38:46 IST" skipped="0">
  <testcase classname="com.Testpages.BedTypeTest" name="verifyformdetails" time="14.466"/>
  <system-out/>
</testsuite> <!-- com.Testpages.BedTypeTest -->
