<?xml version="1.0" encoding="UTF-8"?>
<!-- Generated by org.testng.reporters.JUnitReportReporter -->
<testsuite hostname="DESKTOP-DNP7UUA" failures="0" tests="1" name="com.Testpages.FrontofficeTest" time="13.962" errors="0" timestamp="2022-11-29T18:02:13 IST" skipped="0">
  <testcase classname="com.Testpages.FrontofficeTest" name="verifyAppointmentlink" time="13.962"/>
  <system-out/>
</testsuite> <!-- com.Testpages.FrontofficeTest -->
