<?xml version="1.0" encoding="UTF-8"?>
<!-- Generated by org.testng.reporters.JUnitReportReporter -->
<testsuite hostname="DESKTOP-DNP7UUA" failures="0" tests="1" name="com.Testpages.AppointmentpriorityTest" time="13.692" errors="0" timestamp="2022-11-29T18:18:31 IST" skipped="0">
  <testcase classname="com.Testpages.AppointmentpriorityTest" name="verifyformdetails" time="13.692"/>
  <system-out/>
</testsuite> <!-- com.Testpages.AppointmentpriorityTest -->
